[dotenv@17.2.3] injecting env (15) from .env -- tip: ⚙️  override existing env vars with { override: true }
DB Config - Connection String exists: true
DB Config - Using Non-Pooling: true
(node:66830) Warning: SECURITY WARNING: The SSL modes 'prefer', 'require', and 'verify-ca' are treated as aliases for 'verify-full'.
In the next major version (pg-connection-string v3.0.0 and pg v9.0.0), these modes will adopt standard libpq semantics, which have weaker security guarantees.

To prepare for this change:
- If you want the current behavior, explicitly use 'sslmode=verify-full'
- If you want libpq compatibility now, use 'uselibpqcompat=true&sslmode=require'

See https://www.postgresql.org/docs/current/libpq-ssl.html for libpq SSL mode definitions.
(Use `node --trace-warnings ...` to show where the warning was created)
(node:66830) Warning: Setting the NODE_TLS_REJECT_UNAUTHORIZED environment variable to '0' makes TLS connections and HTTPS requests insecure by disabling certificate verification.
Resuming backfill from last DB date: 2026-02-01
Global backfill target range: 2026-02-01 to 2026-02-06...

=== Processing Date: 2026-02-01 ===
  [Agmark] Starting (Attempt 1)...
Starting fetch for 2026-02-01...
Processing Group: Beverages (4 items)
  Fetching Cocoa...
  Fetching Coffee...
    Saved 1 records for Coffee
  Fetching Green Tea...
  Fetching Tea...
Processing Group: Cereals (26 items)
  Fetching Bajra(Pearl Millet/Cumbu)...
    Saved 15 records for Bajra(Pearl Millet/Cumbu)
  Fetching Barley(Jau)...
    Saved 5 records for Barley(Jau)
  Fetching Barnyard Millet...
  Fetching Beaten Rice...
  Fetching Browntop Millet...
  Fetching Chakhao(Black Rice)...
  Fetching Foxtail Millet(Navane)...
  Fetching Hybrid Cumbu...
  Fetching Jaee...
  Fetching Jowar(Sorghum)...
    Saved 5 records for Jowar(Sorghum)
  Fetching Kodo Millet(Varagu)...
    Saved 5 records for Kodo Millet(Varagu)
  Fetching Kutki...
  Fetching Little Millet ...
  Fetching Maize...
    Saved 100 records for Maize
  Fetching Paddy(Basmati)...
    Saved 5 records for Paddy(Basmati)
  Fetching Paddy(Common)...
    Saved 100 records for Paddy(Common)
  Fetching Proso Millet...
  Fetching Ragi(Finger Millet)...
    Saved 2 records for Ragi(Finger Millet)
  Fetching Rala...
  Fetching Rice...
    Saved 70 records for Rice
  Fetching Sajje...
  Fetching Same/Savi...
  Fetching Soji...
  Fetching Sweet Corn ...
  Fetching T.V. Cumbu...
  Fetching Wheat...
    Saved 100 records for Wheat
Processing Group: Drug and Narcotics (37 items)
  Fetching Arecanut(Betelnut/Supari)...
    Saved 2 records for Arecanut(Betelnut/Supari)
  Fetching Asalia...
  Fetching Ashoka...
  Fetching Ashwagandha...
  Fetching Asparagus...
  Fetching Atis...
  Fetching Betal Leaves...
    Saved 18 records for Betal Leaves
  Fetching Chandrashoor...
  Fetching Coleus...
  Fetching Isabgul(Psyllium)...
  Fetching Isbgol...
  Fetching Lemongrass...
  Fetching Mahua...
    Saved 1 records for Mahua
  Fetching Mentha Oil...
  Fetching Muesli...
  Fetching Muleti...
  Fetching Myrobolan(Harad)...
  Fetching Neem Fruits...
  Fetching Palash flowers...
  Fetching Poppy capsules...
  Fetching Pupadia...
  Fetching Swan Plant (Green Herb)...
  Fetching Tobacco...
    Saved 1 records for Tobacco
  Fetching Vatsanabha...
  Fetching White Muesli...
  Fetching basil...
  Fetching dhawai flowers...
  Fetching karanja seeds...
  Fetching kutki...
  Fetching liquor turmeric...
  Fetching macoy...
  Fetching nigella seeds...
  Fetching pippali...
  Fetching sanay...
  Fetching stevia...
  Fetching stone pulverizer...
  Fetching vadang...
Processing Group: Dry Fruits (8 items)
  Fetching Almond(Badam)...
  Fetching Cashewnuts...
  Fetching Dates...
  Fetching Dry Grapes...
  Fetching Fig (Dry)...
  Fetching Pine Nut(Chilgoza /Niyoza)...
  Fetching Pista(Pistachio)...
  Fetching Walnut...
Processing Group: Fibre Crops (5 items)
  Fetching Ambady/Mesta...
  Fetching Cotton...
    Saved 30 records for Cotton
  Fetching Jute...
    Saved 5 records for Jute
  Fetching Lint...
  Fetching Sunhemp...
Processing Group: Flowers (58 items)
  Fetching Anthorium...
    Saved 1 records for Anthorium
  Fetching Astera...
    Saved 1 records for Astera
  Fetching BOP...
  Fetching Calendula...
  Fetching Carnation...
    Saved 1 records for Carnation
  Fetching Chrysanthemum...
    Saved 1 records for Chrysanthemum
  Fetching Chrysanthemum(Loose)...
    Saved 2 records for Chrysanthemum(Loose)
  Fetching Clarkia...
  Fetching Cossandra...
  Fetching Daila(Chandni)...
  Fetching Delha...
    Saved 1 records for Delha
  Fetching Gamphrena...
  Fetching Gerbera...
